<?xml version="1.0" encoding="UTF-8"?>
<!-- Generated by org.testng.reporters.JUnitReportReporter -->
<testsuite hostname="DESKTOP-6L476PM" failures="0" tests="1" name="tests.ContactusTest" time="2.072" errors="0" timestamp="2022-02-15T16:26:35 EET" skipped="0">
  <testcase classname="tests.ContactusTest" name="UserCanUseContactUs" time="2.072"/>
  <system-out/>
</testsuite> <!-- tests.ContactusTest -->
