<?xml version="1.0" encoding="UTF-8"?>
<!-- Generated by org.testng.reporters.JUnitReportReporter -->
<testsuite hostname="DESKTOP-6L476PM" failures="0" tests="4" name="tests.AddReviewTest" time="8.799" errors="0" timestamp="2022-02-15T16:26:35 EET" skipped="0">
  <testcase classname="tests.AddReviewTest" name="RegisteredUserLoginSuccessfully" time="2.345"/>
  <system-out/>
  <testcase classname="tests.AddReviewTest" name="UserCanSearchWithSuggest" time="2.573"/>
  <system-out/>
  <testcase classname="tests.AddReviewTest" name="UserCanAddReview" time="2.130"/>
  <system-out/>
  <testcase classname="tests.AddReviewTest" name="RegisteredUserCanLogout" time="1.751"/>
  <system-out/>
</testsuite> <!-- tests.AddReviewTest -->
