<?xml version="1.0" encoding="UTF-8"?>
<!-- Generated by org.testng.reporters.JUnitReportReporter -->
<testsuite hostname="DESKTOP-6L476PM" failures="0" tests="1" name="tests.HoverMenuTest" time="1.469" errors="0" timestamp="2022-02-15T16:26:35 EET" skipped="0">
  <testcase classname="tests.HoverMenuTest" name="UserCanSelectFromHoverMenu" time="1.469"/>
  <system-out/>
</testsuite> <!-- tests.HoverMenuTest -->
