<?xml version="1.0" encoding="UTF-8"?>
<!-- Generated by org.testng.reporters.JUnitReportReporter -->
<testsuite hostname="DESKTOP-6L476PM" failures="0" tests="1" name="tests.SearchProductTest" time="3.568" errors="0" timestamp="2022-02-15T16:26:35 EET" skipped="0">
  <testcase classname="tests.SearchProductTest" name="UserCanSearchForItems" time="3.568"/>
  <system-out/>
</testsuite> <!-- tests.SearchProductTest -->
