<?xml version="1.0" encoding="UTF-8"?>
<!-- Generated by org.testng.reporters.JUnitReportReporter -->
<testsuite hostname="DESKTOP-6L476PM" failures="0" tests="4" name="tests.ChangePasswordTest" time="10.849" errors="0" timestamp="2022-02-15T16:26:35 EET" skipped="0">
  <testcase classname="tests.ChangePasswordTest" name="RegisteredUserLoginSuccessfully" time="2.491"/>
  <system-out/>
  <testcase classname="tests.ChangePasswordTest" name="RegisteredUserCanChangePassword" time="4.477"/>
  <system-out/>
  <testcase classname="tests.ChangePasswordTest" name="RegisteredUserCanLogout" time="1.183"/>
  <system-out/>
  <testcase classname="tests.ChangePasswordTest" name="UserLoginWithNewPasswordSuccessfully" time="2.698"/>
  <system-out/>
</testsuite> <!-- tests.ChangePasswordTest -->
