<?xml version="1.0" encoding="UTF-8"?>
<!-- Generated by org.testng.reporters.JUnitReportReporter -->
<testsuite hostname="DESKTOP-6L476PM" failures="0" tests="4" name="tests.UserRegistrationTest" time="8.502" errors="0" timestamp="2022-02-15T16:26:35 EET" skipped="0">
  <testcase classname="tests.UserRegistrationTest" name="UserRegisterSuccessfully" time="2.893"/>
  <system-out/>
  <testcase classname="tests.UserRegistrationTest" name="RegisteredUserCanLogout" time="1.854"/>
  <system-out/>
  <testcase classname="tests.UserRegistrationTest" name="RegisteredUserLoginSuccessfully" time="2.328"/>
  <system-out/>
  <testcase classname="tests.UserRegistrationTest" name="RegisteredUserLogout" time="1.427"/>
  <system-out/>
</testsuite> <!-- tests.UserRegistrationTest -->
