<?xml version="1.0" encoding="UTF-8"?>
<!-- Generated by org.testng.reporters.JUnitReportReporter -->
<testsuite hostname="DESKTOP-6L476PM" failures="0" tests="3" name="tests.AddToCartTest" time="10.779" errors="0" timestamp="2022-02-15T16:26:35 EET" skipped="0">
  <testcase classname="tests.AddToCartTest" name="UserCanSearchWithSuggest" time="2.601"/>
  <system-out/>
  <testcase classname="tests.AddToCartTest" name="UserCanAddProductToCart" time="5.217"/>
  <system-out/>
  <testcase classname="tests.AddToCartTest" name="UserCanRemoveFromCart" time="2.961"/>
  <system-out/>
</testsuite> <!-- tests.AddToCartTest -->
