<?xml version="1.0" encoding="UTF-8"?>
<!-- Generated by org.testng.reporters.JUnitReportReporter -->
<testsuite hostname="DESKTOP-6L476PM" failures="0" tests="3" name="tests.AddToWishlistTest" time="6.245" errors="0" timestamp="2022-02-15T16:26:35 EET" skipped="0">
  <testcase classname="tests.AddToWishlistTest" name="UserCanSearchWithSuggest" time="2.282"/>
  <system-out/>
  <testcase classname="tests.AddToWishlistTest" name="UserCanAddProductToWishlist" time="2.754"/>
  <system-out/>
  <testcase classname="tests.AddToWishlistTest" name="UserCanRemoveProductFromWishlist" time="1.209"/>
  <system-out/>
</testsuite> <!-- tests.AddToWishlistTest -->
