<?xml version="1.0" encoding="UTF-8"?>
<!-- Generated by org.testng.reporters.JUnitReportReporter -->
<testsuite hostname="DESKTOP-6L476PM" failures="0" tests="4" name="tests.EmailFriendTest" time="9.063" errors="0" timestamp="2022-02-15T16:26:35 EET" skipped="0">
  <testcase classname="tests.EmailFriendTest" name="RegisteredUserLoginSuccessfully" time="2.549"/>
  <system-out/>
  <testcase classname="tests.EmailFriendTest" name="UserCanSearchWithSuggest" time="2.445"/>
  <system-out/>
  <testcase classname="tests.EmailFriendTest" name="RegisteredUserCanEmailFriendaProduct" time="2.559"/>
  <system-out/>
  <testcase classname="tests.EmailFriendTest" name="RegisteredUserCanLogout" time="1.510"/>
  <system-out/>
</testsuite> <!-- tests.EmailFriendTest -->
