<?xml version="1.0" encoding="UTF-8"?>
<!-- Generated by org.testng.reporters.JUnitReportReporter -->
<testsuite hostname="DESKTOP-6L476PM" failures="0" tests="1" name="tests.SearchProductTest" time="2.977" errors="0" timestamp="2022-03-07T22:41:51 EET" skipped="0">
  <testcase classname="tests.SearchProductTest" name="UserCanSearchForItems" time="2.977"/>
  <system-out/>
</testsuite> <!-- tests.SearchProductTest -->
