<?xml version="1.0" encoding="UTF-8"?>
<!-- Generated by org.testng.reporters.JUnitReportReporter -->
<testsuite hostname="DESKTOP-6L476PM" failures="0" tests="1" name="tests.SearchProductUsingAutocomplete" time="4.127" errors="0" timestamp="2022-03-09T15:03:04 EET" skipped="0">
  <testcase classname="tests.SearchProductUsingAutocomplete" name="UserCanSearchWithSuggest" time="4.127"/>
  <system-out/>
</testsuite> <!-- tests.SearchProductUsingAutocomplete -->
