<?xml version="1.0" encoding="UTF-8"?>
<!-- Generated by org.testng.reporters.JUnitReportReporter -->
<testsuite hostname="DESKTOP-6L476PM" failures="0" tests="4" name="tests.ChangePasswordTest" time="8.012" errors="0" timestamp="2022-03-06T22:56:11 EET" skipped="0">
  <testcase classname="tests.ChangePasswordTest" name="RegisteredUserLoginSuccessfully" time="1.875"/>
  <system-out/>
  <testcase classname="tests.ChangePasswordTest" name="RegisteredUserCanChangePassword" time="3.132"/>
  <system-out/>
  <testcase classname="tests.ChangePasswordTest" name="RegisteredUserCanLogout" time="1.066"/>
  <system-out/>
  <testcase classname="tests.ChangePasswordTest" name="UserLoginWithNewPasswordSuccessfully" time="1.939"/>
  <system-out/>
</testsuite> <!-- tests.ChangePasswordTest -->
