<?xml version="1.0" encoding="UTF-8"?>
<!-- Generated by org.testng.reporters.JUnitReportReporter -->
<testsuite hostname="DESKTOP-6L476PM" failures="0" tests="4" name="tests.AddReviewTest" time="7.542" errors="0" timestamp="2022-03-06T22:56:11 EET" skipped="0">
  <testcase classname="tests.AddReviewTest" name="RegisteredUserLoginSuccessfully" time="1.831"/>
  <system-out/>
  <testcase classname="tests.AddReviewTest" name="UserCanSearchWithSuggest" time="2.059"/>
  <system-out/>
  <testcase classname="tests.AddReviewTest" name="UserCanAddReview" time="2.148"/>
  <system-out/>
  <testcase classname="tests.AddReviewTest" name="RegisteredUserCanLogout" time="1.504"/>
  <system-out/>
</testsuite> <!-- tests.AddReviewTest -->
