<?xml version="1.0" encoding="UTF-8"?>
<!-- Generated by org.testng.reporters.JUnitReportReporter -->
<testsuite hostname="DESKTOP-6L476PM" failures="0" tests="1" name="tests.HoverMenuTest" time="1.222" errors="0" timestamp="2022-03-06T22:56:11 EET" skipped="0">
  <testcase classname="tests.HoverMenuTest" name="UserCanSelectFromHoverMenu" time="1.222"/>
  <system-out/>
</testsuite> <!-- tests.HoverMenuTest -->
