<?xml version="1.0" encoding="UTF-8"?>
<!-- Generated by org.testng.reporters.JUnitReportReporter -->
<testsuite hostname="DESKTOP-6L476PM" failures="0" tests="2" name="tests.ChangeCurrencyTest" time="3.415" errors="0" timestamp="2022-03-06T22:56:11 EET" skipped="0">
  <testcase classname="tests.ChangeCurrencyTest" name="UserCanChangeCurrency" time="1.210"/>
  <system-out/>
  <testcase classname="tests.ChangeCurrencyTest" name="UserCanSearchWithSuggest" time="2.205"/>
  <system-out/>
</testsuite> <!-- tests.ChangeCurrencyTest -->
