<?xml version="1.0" encoding="UTF-8"?>
<!-- Generated by org.testng.reporters.JUnitReportReporter -->
<testsuite hostname="DESKTOP-6L476PM" failures="0" tests="3" name="tests.AddToWishlistTest" time="5.226" errors="0" timestamp="2022-03-06T22:56:11 EET" skipped="0">
  <testcase classname="tests.AddToWishlistTest" name="UserCanSearchWithSuggest" time="2.791"/>
  <system-out/>
  <testcase classname="tests.AddToWishlistTest" name="UserCanAddProductToWishlist" time="1.779"/>
  <system-out/>
  <testcase classname="tests.AddToWishlistTest" name="UserCanRemoveProductFromWishlist" time="0.656"/>
  <system-out/>
</testsuite> <!-- tests.AddToWishlistTest -->
