<?xml version="1.0" encoding="UTF-8"?>
<!-- Generated by org.testng.reporters.JUnitReportReporter -->
<testsuite hostname="DESKTOP-6L476PM" failures="0" tests="1" name="tests.ContactusTest" time="1.739" errors="0" timestamp="2022-03-06T22:56:11 EET" skipped="0">
  <testcase classname="tests.ContactusTest" name="UserCanUseContactUs" time="1.739"/>
  <system-out/>
</testsuite> <!-- tests.ContactusTest -->
