<?xml version="1.0" encoding="UTF-8"?>
<!-- Generated by org.testng.reporters.JUnitReportReporter -->
<testsuite hostname="DESKTOP-6L476PM" failures="0" tests="3" name="tests.AddToCartTest" time="8.412" errors="0" timestamp="2022-03-06T22:56:11 EET" skipped="0">
  <testcase classname="tests.AddToCartTest" name="UserCanSearchWithSuggest" time="2.033"/>
  <system-out/>
  <testcase classname="tests.AddToCartTest" name="UserCanAddProductToCart" time="4.685"/>
  <system-out/>
  <testcase classname="tests.AddToCartTest" name="UserCanRemoveFromCart" time="1.694"/>
  <system-out/>
</testsuite> <!-- tests.AddToCartTest -->
